# JRE version: Java(TM) SE Runtime Environment (8.0_151-b12) (build 1.8.0_151-b12)
# Java VM: Java HotSpot(TM) 64-Bit Server VM (25.151-b12 mixed mode windows-amd64 compressed oops)
Heap:
 PSYoungGen      total 349696K, used 335360K [0x00000000d6600000, 0x00000000ed880000, 0x0000000100000000)
  eden space 335360K, 100% used [0x00000000d6600000,0x00000000ead80000,0x00000000ead80000)
  from space 14336K, 0% used [0x00000000eb380000,0x00000000eb380000,0x00000000ec180000)
  to   space 22016K, 42% used [0x00000000ec300000,0x00000000ecc25df8,0x00000000ed880000)
 ParOldGen       total 318464K, used 235858K [0x0000000083200000, 0x0000000096900000, 0x00000000d6600000)
  object space 318464K, 74% used [0x0000000083200000,0x0000000091854b00,0x0000000096900000)
 Metaspace       used 109297K, capacity 117799K, committed 120960K, reserved 1155072K
  class space    used 12898K, capacity 14132K, committed 14720K, reserved 1048576K
GC Heap History (10 events):
Event: 11761.107 GC heap after
Heap after GC invocations=101 (full 31):
 PSYoungGen      total 367616K, used 0K [0x00000000d6600000, 0x00000000ee180000, 0x0000000100000000)
  eden space 346624K, 0% used [0x00000000d6600000,0x00000000d6600000,0x00000000eb880000)
  from space 20992K, 0% used [0x00000000ecd00000,0x00000000ecd00000,0x00000000ee180000)
  to   space 20992K, 0% used [0x00000000eb880000,0x00000000eb880000,0x00000000ecd00000)
 ParOldGen       total 318464K, used 230340K [0x0000000083200000, 0x0000000096900000, 0x00000000d6600000)
  object space 318464K, 72% used [0x0000000083200000,0x00000000912f11e8,0x0000000096900000)
 Metaspace       used 104250K, capacity 113491K, committed 113664K, reserved 1148928K
  class space    used 12272K, capacity 13478K, committed 13568K, reserved 1048576K
}
Event: 11805.794 GC heap before
{Heap before GC invocations=102 (full 31):
 PSYoungGen      total 367616K, used 346624K [0x00000000d6600000, 0x00000000ee180000, 0x0000000100000000)
  eden space 346624K, 100% used [0x00000000d6600000,0x00000000eb880000,0x00000000eb880000)
  from space 20992K, 0% used [0x00000000ecd00000,0x00000000ecd00000,0x00000000ee180000)
  to   space 20992K, 0% used [0x00000000eb880000,0x00000000eb880000,0x00000000ecd00000)
 ParOldGen       total 318464K, used 230340K [0x0000000083200000, 0x0000000096900000, 0x00000000d6600000)
  object space 318464K, 72% used [0x0000000083200000,0x00000000912f11e8,0x0000000096900000)
 Metaspace       used 105817K, capacity 115357K, committed 115584K, reserved 1150976K
  class space    used 12403K, capacity 13631K, committed 13696K, reserved 1048576K
Event: 11805.814 GC heap after
Heap after GC invocations=102 (full 31):
 PSYoungGen      total 367616K, used 14849K [0x00000000d6600000, 0x00000000ee200000, 0x0000000100000000)
  eden space 346624K, 0% used [0x00000000d6600000,0x00000000d6600000,0x00000000eb880000)
  from space 20992K, 70% used [0x00000000eb880000,0x00000000ec700620,0x00000000ecd00000)
  to   space 20992K, 0% used [0x00000000ecd80000,0x00000000ecd80000,0x00000000ee200000)
 ParOldGen       total 318464K, used 230348K [0x0000000083200000, 0x0000000096900000, 0x00000000d6600000)
  object space 318464K, 72% used [0x0000000083200000,0x00000000912f31e8,0x0000000096900000)
 Metaspace       used 105817K, capacity 115357K, committed 115584K, reserved 1150976K
  class space    used 12403K, capacity 13631K, committed 13696K, reserved 1048576K
}
Event: 12841.927 GC heap before
{Heap before GC invocations=103 (full 31):
 PSYoungGen      total 367616K, used 361473K [0x00000000d6600000, 0x00000000ee200000, 0x0000000100000000)
  eden space 346624K, 100% used [0x00000000d6600000,0x00000000eb880000,0x00000000eb880000)
  from space 20992K, 70% used [0x00000000eb880000,0x00000000ec700620,0x00000000ecd00000)
  to   space 20992K, 0% used [0x00000000ecd80000,0x00000000ecd80000,0x00000000ee200000)
 ParOldGen       total 318464K, used 230348K [0x0000000083200000, 0x0000000096900000, 0x00000000d6600000)
  object space 318464K, 72% used [0x0000000083200000,0x00000000912f31e8,0x0000000096900000)
 Metaspace       used 109547K, capacity 119049K, committed 119424K, reserved 1155072K
  class space    used 12807K, capacity 14087K, committed 14208K, reserved 1048576K
Event: 12841.955 GC heap after
Heap after GC invocations=103 (full 31):
 PSYoungGen      total 352768K, used 17321K [0x00000000d6600000, 0x00000000ede80000, 0x0000000100000000)
  eden space 335360K, 0% used [0x00000000d6600000,0x00000000d6600000,0x00000000ead80000)
  from space 17408K, 99% used [0x00000000ecd80000,0x00000000ede6a708,0x00000000ede80000)
  to   space 22016K, 0% used [0x00000000eb380000,0x00000000eb380000,0x00000000ec900000)
 ParOldGen       total 318464K, used 230356K [0x0000000083200000, 0x0000000096900000, 0x00000000d6600000)
  object space 318464K, 72% used [0x0000000083200000,0x00000000912f51e8,0x0000000096900000)
 Metaspace       used 109547K, capacity 119049K, committed 119424K, reserved 1155072K
  class space    used 12807K, capacity 14087K, committed 14208K, reserved 1048576K
}
Event: 13532.393 GC heap before
{Heap before GC invocations=104 (full 31):
 PSYoungGen      total 352768K, used 296652K [0x00000000d6600000, 0x00000000ede80000, 0x0000000100000000)
  eden space 335360K, 83% used [0x00000000d6600000,0x00000000e76c8a60,0x00000000ead80000)
  from space 17408K, 99% used [0x00000000ecd80000,0x00000000ede6a708,0x00000000ede80000)
  to   space 22016K, 0% used [0x00000000eb380000,0x00000000eb380000,0x00000000ec900000)
 ParOldGen       total 318464K, used 230356K [0x0000000083200000, 0x0000000096900000, 0x00000000d6600000)
  object space 318464K, 72% used [0x0000000083200000,0x00000000912f51e8,0x0000000096900000)
 Metaspace       used 110011K, capacity 119935K, committed 120192K, reserved 1155072K
  class space    used 12888K, capacity 14199K, committed 14208K, reserved 1048576K
Event: 13532.401 GC heap after
Heap after GC invocations=104 (full 31):
 PSYoungGen      total 349696K, used 14273K [0x00000000d6600000, 0x00000000ed880000, 0x0000000100000000)
  eden space 335360K, 0% used [0x00000000d6600000,0x00000000d6600000,0x00000000ead80000)
  from space 14336K, 99% used [0x00000000eb380000,0x00000000ec170620,0x00000000ec180000)
  to   space 22016K, 0% used [0x00000000ec300000,0x00000000ec300000,0x00000000ed880000)
 ParOldGen       total 318464K, used 230364K [0x0000000083200000, 0x0000000096900000, 0x00000000d6600000)
  object space 318464K, 72% used [0x0000000083200000,0x00000000912f71e8,0x0000000096900000)
 Metaspace       used 110011K, capacity 119935K, committed 120192K, reserved 1155072K
  class space    used 12888K, capacity 14199K, committed 14208K, reserved 1048576K
}
Event: 13532.401 GC heap before
{Heap before GC invocations=105 (full 32):
 PSYoungGen      total 349696K, used 14273K [0x00000000d6600000, 0x00000000ed880000, 0x0000000100000000)
  eden space 335360K, 0% used [0x00000000d6600000,0x00000000d6600000,0x00000000ead80000)
  from space 14336K, 99% used [0x00000000eb380000,0x00000000ec170620,0x00000000ec180000)
  to   space 22016K, 0% used [0x00000000ec300000,0x00000000ec300000,0x00000000ed880000)
 ParOldGen       total 318464K, used 230364K [0x0000000083200000, 0x0000000096900000, 0x00000000d6600000)
  object space 318464K, 72% used [0x0000000083200000,0x00000000912f71e8,0x0000000096900000)
 Metaspace       used 110011K, capacity 119935K, committed 120192K, reserved 1155072K
  class space    used 12888K, capacity 14199K, committed 14208K, reserved 1048576K
Event: 13533.344 GC heap after
Heap after GC invocations=105 (full 32):
 PSYoungGen      total 349696K, used 0K [0x00000000d6600000, 0x00000000ed880000, 0x0000000100000000)
  eden space 335360K, 0% used [0x00000000d6600000,0x00000000d6600000,0x00000000ead80000)
  from space 14336K, 0% used [0x00000000eb380000,0x00000000eb380000,0x00000000ec180000)
  to   space 22016K, 0% used [0x00000000ec300000,0x00000000ec300000,0x00000000ed880000)
 ParOldGen       total 318464K, used 235850K [0x0000000083200000, 0x0000000096900000, 0x00000000d6600000)
  object space 318464K, 74% used [0x0000000083200000,0x0000000091852b00,0x0000000096900000)
 Metaspace       used 106659K, capacity 113999K, committed 120192K, reserved 1155072K
  class space    used 12572K, capacity 13646K, committed 14208K, reserved 1048576K
}
Event: 13757.309 GC heap before
{Heap before GC invocations=106 (full 32):
 PSYoungGen      total 349696K, used 335360K [0x00000000d6600000, 0x00000000ed880000, 0x0000000100000000)
  eden space 335360K, 100% used [0x00000000d6600000,0x00000000ead80000,0x00000000ead80000)
  from space 14336K, 0% used [0x00000000eb380000,0x00000000eb380000,0x00000000ec180000)
  to   space 22016K, 0% used [0x00000000ec300000,0x00000000ec300000,0x00000000ed880000)
 ParOldGen       total 318464K, used 235850K [0x0000000083200000, 0x0000000096900000, 0x00000000d6600000)
  object space 318464K, 74% used [0x0000000083200000,0x0000000091852b00,0x0000000096900000)
 Metaspace       used 109297K, capacity 117799K, committed 120960K, reserved 1155072K
  class space    used 12898K, capacity 14132K, committed 14720K, reserved 1048576K

